ERROR:root:Error al procesar el equipo Cavaliers: name 'requests' is not defined
ERROR:root:Error al procesar el equipo Hawks: 1054 (42S22): Unknown column 'fechaProximPartido' in 'field list'
ERROR:root:Error al obtener partidos para la fecha 2024-10-10 (intento 1): HTTPSConnectionPool(host='stats.nba.com', port=443): Read timed out. (read timeout=30)
ERROR:root:Timeout al obtener partidos para la fecha 2024-10-14 (intento 1): HTTPSConnectionPool(host='stats.nba.com', port=443): Read timed out. (read timeout=10)
ERROR:root:Timeout al obtener partidos para la fecha 2024-10-16 (intento 1): HTTPSConnectionPool(host='stats.nba.com', port=443): Read timed out. (read timeout=10)
ERROR:root:Error al procesar el partido 0: 'GAME_TIME'
ERROR:root:Error al procesar el partido 1: 'GAME_TIME'
ERROR:root:Error al procesar el partido 2: 'GAME_TIME'
ERROR:root:Error al procesar el partido 3: 'GAME_TIME'
ERROR:root:Error al procesar el partido 4: 'GAME_TIME'
ERROR:root:Error al procesar el partido 0: 'GAME_TIME'
ERROR:root:Error al procesar el partido 1: 'GAME_TIME'
ERROR:root:Error al procesar el partido 2: 'GAME_TIME'
ERROR:root:Error al procesar el partido 3: 'GAME_TIME'
ERROR:root:Error al procesar el partido 4: 'GAME_TIME'
ERROR:root:Error al procesar el partido 5: 'GAME_TIME'
ERROR:root:Error al procesar el partido 0: 'GAME_TIME'
ERROR:root:Error al procesar el partido 1: 'GAME_TIME'
ERROR:root:Error al procesar el partido 2: 'GAME_TIME'
ERROR:root:Error al procesar el partido 0: 'GAME_TIME'
ERROR:root:Error al procesar el partido 1: 'GAME_TIME'
ERROR:root:Error al procesar el partido 2: 'GAME_TIME'
ERROR:root:Error al procesar el partido 3: 'GAME_TIME'
ERROR:root:Error al procesar el partido 4: 'GAME_TIME'
ERROR:root:Error al procesar el partido 5: 'GAME_TIME'
ERROR:root:Error al procesar el partido 0: 'GAME_TIME'
ERROR:root:Error al procesar el partido 1: 'GAME_TIME'
ERROR:root:Error al procesar el partido 2: 'GAME_TIME'
ERROR:root:Error al procesar el partido 3: 'GAME_TIME'
ERROR:root:Error al procesar el partido 4: 'GAME_TIME'
ERROR:root:Error al procesar el partido 0: 'GAME_TIME'
ERROR:root:Error al procesar el partido 1: 'GAME_TIME'
ERROR:root:Error al procesar el partido 2: 'GAME_TIME'
ERROR:root:Error al procesar el partido 3: 'GAME_TIME'
ERROR:root:Error al procesar el partido 4: 'GAME_TIME'
ERROR:root:Error al procesar el partido 5: 'GAME_TIME'
ERROR:root:Error al procesar el partido 6: 'GAME_TIME'
ERROR:root:Error al procesar el partido 0: 'GAME_TIME'
ERROR:root:Error al procesar el partido 1: 'GAME_TIME'
ERROR:root:Error al procesar el partido 2: 'GAME_TIME'
ERROR:root:Error al procesar el partido 3: 'GAME_TIME'
ERROR:root:Error al procesar el partido 4: 'GAME_TIME'
ERROR:root:Error al procesar el partido 0: 'GAME_TIME'
ERROR:root:Error al procesar el partido 1: 'GAME_TIME'
ERROR:root:Error al procesar el partido 2: 'GAME_TIME'
ERROR:root:Error al procesar el partido 3: 'GAME_TIME'
ERROR:root:Error al procesar el partido 4: 'GAME_TIME'
ERROR:root:Error al procesar el partido 5: 'GAME_TIME'
ERROR:root:Error al procesar el partido 6: 'GAME_TIME'
ERROR:root:Error al procesar el partido 0: 'GAME_TIME'
ERROR:root:Error al procesar el partido 1: 'GAME_TIME'
ERROR:root:Error al procesar el partido 2: 'GAME_TIME'
ERROR:root:Error al procesar el partido 3: 'GAME_TIME'
ERROR:root:Error al procesar el partido 4: 'GAME_TIME'
ERROR:root:Error al procesar el partido 5: 'GAME_TIME'
ERROR:root:Error al procesar el partido 6: 'GAME_TIME'
ERROR:root:Error al procesar el partido 0: 'GAME_TIME'
ERROR:root:Error al procesar el partido 1: 'GAME_TIME'
ERROR:root:Error al procesar el partido 0: 'GAME_TIME'
ERROR:root:Error al procesar el partido 1: 'GAME_TIME'
ERROR:root:Error al procesar el partido 2: 'GAME_TIME'
ERROR:root:Error al procesar el partido 3: 'GAME_TIME'
ERROR:root:Error al procesar el partido 4: 'GAME_TIME'
ERROR:root:Error al procesar el partido 5: 'GAME_TIME'
ERROR:root:Error al procesar el partido 6: 'GAME_TIME'
ERROR:root:Error al procesar el partido 7: 'GAME_TIME'
ERROR:root:Error al procesar el partido 8: 'GAME_TIME'
ERROR:root:Error al procesar el partido 9: 'GAME_TIME'
ERROR:root:Error al procesar el partido 0: 'GAME_TIME'
ERROR:root:Error al procesar el partido 1: 'GAME_TIME'
ERROR:root:Error al procesar el partido 2: 'GAME_TIME'
ERROR:root:Error al procesar el partido 3: 'GAME_TIME'
ERROR:root:Error al procesar el partido 0: 'GAME_TIME'
ERROR:root:Error al procesar el partido 1: 'GAME_TIME'
ERROR:root:Error al procesar el partido 2: 'GAME_TIME'
ERROR:root:Error al procesar el partido 3: 'GAME_TIME'
ERROR:root:Error al procesar el partido 4: 'GAME_TIME'
ERROR:root:Error al procesar el partido 5: 'GAME_TIME'
ERROR:root:Error al procesar el partido 6: 'GAME_TIME'
ERROR:root:Error al procesar el partido 7: 'GAME_TIME'
ERROR:root:Error al procesar el partido 8: 'GAME_TIME'
ERROR:root:Error al procesar el partido 9: 'GAME_TIME'
ERROR:root:Error al procesar el partido 0: 'GAME_TIME'
ERROR:root:Error al procesar el partido 1: 'GAME_TIME'
ERROR:root:Error al procesar el partido 2: 'GAME_TIME'
ERROR:root:Error al procesar el partido 3: 'GAME_TIME'
ERROR:root:Error al procesar el partido 4: 'GAME_TIME'
ERROR:root:Error al procesar el partido 5: 'GAME_TIME'
ERROR:root:Error al procesar el partido 6: 'GAME_TIME'
ERROR:root:Error al procesar el partido 7: 'GAME_TIME'
ERROR:root:Error al procesar el partido 8: 'GAME_TIME'
ERROR:root:Error al procesar el partido 9: 'GAME_TIME'
ERROR:root:Error al procesar el partido 0: 'GAME_TIME'
ERROR:root:Error al procesar el partido 1: 'GAME_TIME'
ERROR:root:Error al procesar el partido 2: 'GAME_TIME'
ERROR:root:Error al procesar el partido 3: 'GAME_TIME'
ERROR:root:Error al procesar el partido 4: 'GAME_TIME'
ERROR:root:Error al procesar el partido 0: 'GAME_TIME'
ERROR:root:Error al procesar el partido 1: 'GAME_TIME'
ERROR:root:Error al procesar el partido 2: 'GAME_TIME'
ERROR:root:Error al procesar el partido 3: 'GAME_TIME'
ERROR:root:Error al procesar el partido 4: 'GAME_TIME'
ERROR:root:Error al procesar el partido 5: 'GAME_TIME'
ERROR:root:Error al procesar el partido 6: 'GAME_TIME'
ERROR:root:Error al procesar el partido 7: 'GAME_TIME'
ERROR:root:Error al procesar el partido 8: 'GAME_TIME'
ERROR:root:Error al procesar el partido 9: 'GAME_TIME'
ERROR:root:Error al procesar el partido 10: 'GAME_TIME'
ERROR:root:Error al procesar el partido 0: 'GAME_TIME'
ERROR:root:Error al procesar el partido 1: 'GAME_TIME'
ERROR:root:Error al procesar el partido 2: 'GAME_TIME'
ERROR:root:Error al procesar el partido 3: 'GAME_TIME'
ERROR:root:Error al procesar el partido 0: 'GAME_TIME'
ERROR:root:Error al procesar el partido 1: 'GAME_TIME'
ERROR:root:Error al procesar el partido 2: 'GAME_TIME'
ERROR:root:Error al procesar el partido 3: 'GAME_TIME'
ERROR:root:Error al procesar el partido 4: 'GAME_TIME'
ERROR:root:Error al procesar el partido 5: 'GAME_TIME'
ERROR:root:Error al procesar el partido 6: 'GAME_TIME'
ERROR:root:Error al procesar el partido 7: 'GAME_TIME'
ERROR:root:Error al procesar el partido 8: 'GAME_TIME'
ERROR:root:Error al procesar el partido 9: 'GAME_TIME'
ERROR:root:Error al procesar el partido 10: 'GAME_TIME'
ERROR:root:Error al procesar el partido 0: 'GAME_TIME'
ERROR:root:Error al procesar el partido 1: 'GAME_TIME'
ERROR:root:Error al procesar el partido 2: 'GAME_TIME'
ERROR:root:Error al procesar el partido 3: 'GAME_TIME'
ERROR:root:Error al procesar el partido 0: 'GAME_TIME'
ERROR:root:Error al procesar el partido 1: 'GAME_TIME'
ERROR:root:Error al procesar el partido 2: 'GAME_TIME'
ERROR:root:Error al procesar el partido 3: 'GAME_TIME'
ERROR:root:Error al procesar el partido 4: 'GAME_TIME'
ERROR:root:Error al procesar el partido 5: 'GAME_TIME'
ERROR:root:Error al procesar el partido 6: 'GAME_TIME'
ERROR:root:Error al procesar el partido 7: 'GAME_TIME'
ERROR:root:Error al procesar el partido 8: 'GAME_TIME'
ERROR:root:Error al procesar el partido 0: 'GAME_TIME'
ERROR:root:Error al procesar el partido 1: 'GAME_TIME'
ERROR:root:Error al procesar el partido 2: 'GAME_TIME'
ERROR:root:Error al procesar el partido 3: 'GAME_TIME'
ERROR:root:Error al procesar el partido 4: 'GAME_TIME'
ERROR:root:Error al procesar el partido 5: 'GAME_TIME'
ERROR:root:Error al procesar el partido 6: 'GAME_TIME'
ERROR:root:Error al procesar el partido 7: 'GAME_TIME'
ERROR:root:Error al procesar el partido 8: 'GAME_TIME'
ERROR:root:Error al procesar el partido 9: 'GAME_TIME'
ERROR:root:Error al procesar el partido 0: 'GAME_TIME'
ERROR:root:Error al procesar el partido 1: 'GAME_TIME'
ERROR:root:Error al procesar el partido 2: 'GAME_TIME'
ERROR:root:Error al procesar el partido 0: 'GAME_TIME'
ERROR:root:Error al procesar el partido 1: 'GAME_TIME'
ERROR:root:Error al procesar el partido 2: 'GAME_TIME'
ERROR:root:Error al procesar el partido 3: 'GAME_TIME'
ERROR:root:Error al procesar el partido 4: 'GAME_TIME'
ERROR:root:Error al procesar el partido 5: 'GAME_TIME'
ERROR:root:Error al procesar el partido 6: 'GAME_TIME'
ERROR:root:Error al procesar el partido 7: 'GAME_TIME'
ERROR:root:Error al procesar el partido 8: 'GAME_TIME'
ERROR:root:Error al procesar el partido 9: 'GAME_TIME'
ERROR:root:Error al procesar el partido 10: 'GAME_TIME'
ERROR:root:Error al procesar el partido 11: 'GAME_TIME'
ERROR:root:Error al procesar el partido 12: 'GAME_TIME'
ERROR:root:Error al procesar el partido 13: 'GAME_TIME'
ERROR:root:Error al procesar el partido 14: 'GAME_TIME'
ERROR:root:Timeout al obtener partidos para la fecha 2024-11-05 (intento 1): HTTPSConnectionPool(host='stats.nba.com', port=443): Read timed out. (read timeout=10)
ERROR:root:Error al procesar el partido 0: 'GAME_TIME'
ERROR:root:Error al procesar el partido 1: 'GAME_TIME'
ERROR:root:Error al procesar el partido 2: 'GAME_TIME'
ERROR:root:Error al procesar el partido 3: 'GAME_TIME'
ERROR:root:Error al procesar el partido 4: 'GAME_TIME'
ERROR:root:Error al procesar el partido 5: 'GAME_TIME'
ERROR:root:Error al procesar el partido 6: 'GAME_TIME'
ERROR:root:Error al procesar el partido 7: 'GAME_TIME'
ERROR:root:Error al procesar el partido 8: 'GAME_TIME'
ERROR:root:Error al procesar el partido 9: 'GAME_TIME'
ERROR:root:Error al procesar el partido 10: 'GAME_TIME'
ERROR:root:Error al procesar el partido 11: 'GAME_TIME'
ERROR:root:Error al procesar el partido 0: 'GAME_TIME'
ERROR:root:Error al procesar el partido 1: 'GAME_TIME'
ERROR:root:Error al procesar el partido 2: 'GAME_TIME'
ERROR:root:Error al procesar el partido 0: 'GAME_TIME'
ERROR:root:Error al procesar el partido 1: 'GAME_TIME'
ERROR:root:Error al procesar el partido 2: 'GAME_TIME'
ERROR:root:Error al procesar el partido 3: 'GAME_TIME'
ERROR:root:Error al procesar el partido 4: 'GAME_TIME'
ERROR:root:Error al procesar el partido 5: 'GAME_TIME'
ERROR:root:Error al procesar el partido 6: 'GAME_TIME'
ERROR:root:Error al procesar el partido 7: 'GAME_TIME'
ERROR:root:Error al procesar el partido 8: 'GAME_TIME'
ERROR:root:Error al procesar el partido 9: 'GAME_TIME'
ERROR:root:Error al procesar el partido 10: 'GAME_TIME'
ERROR:root:Error al procesar el partido 11: 'GAME_TIME'
ERROR:root:Error al procesar el partido 12: 'GAME_TIME'
ERROR:root:Timeout al obtener partidos para la fecha 2024-10-10 (intento 1): HTTPSConnectionPool(host='stats.nba.com', port=443): Read timed out. (read timeout=10)
ERROR:root:Timeout al obtener partidos para la fecha 2024-10-10 (intento 2): HTTPSConnectionPool(host='stats.nba.com', port=443): Read timed out. (read timeout=10)
ERROR:root:Timeout al obtener partidos para la fecha 2024-10-10 (intento 3): HTTPSConnectionPool(host='stats.nba.com', port=443): Read timed out. (read timeout=10)
ERROR:root:Error al procesar el partido 0: 'GAME_TIME'
ERROR:root:Error al procesar el partido 1: 'GAME_TIME'
ERROR:root:Error al procesar el partido 2: 'GAME_TIME'
ERROR:root:Error al procesar el partido 3: 'GAME_TIME'
ERROR:root:Error al procesar el partido 4: 'GAME_TIME'
ERROR:root:Timeout al obtener partidos para la fecha 2024-10-11 (intento 1): HTTPSConnectionPool(host='stats.nba.com', port=443): Read timed out. (read timeout=10)
ERROR:root:Error al procesar el partido 0: 'GAME_TIME'
ERROR:root:Error al procesar el partido 1: 'GAME_TIME'
ERROR:root:Error al procesar el partido 2: 'GAME_TIME'
ERROR:root:Error al procesar el partido 3: 'GAME_TIME'
ERROR:root:Error al procesar el partido 4: 'GAME_TIME'
ERROR:root:Error al procesar el partido 5: 'GAME_TIME'
ERROR:root:Timeout al obtener partidos para la fecha 2024-10-12 (intento 1): HTTPSConnectionPool(host='stats.nba.com', port=443): Read timed out. (read timeout=10)
ERROR:root:Timeout al obtener partidos para la fecha 2024-10-12 (intento 2): HTTPSConnectionPool(host='stats.nba.com', port=443): Read timed out. (read timeout=10)
ERROR:root:Error al procesar el partido 0: 'GAME_TIME'
ERROR:root:Error al procesar el partido 1: 'GAME_TIME'
ERROR:root:Error al procesar el partido 2: 'GAME_TIME'
ERROR:root:Timeout al obtener partidos para la fecha 2024-10-13 (intento 1): HTTPSConnectionPool(host='stats.nba.com', port=443): Read timed out. (read timeout=10)
ERROR:root:Error al procesar el partido 0: 'GAME_TIME'
ERROR:root:Error al procesar el partido 1: 'GAME_TIME'
ERROR:root:Error al procesar el partido 2: 'GAME_TIME'
ERROR:root:Error al procesar el partido 3: 'GAME_TIME'
ERROR:root:Error al procesar el partido 4: 'GAME_TIME'
ERROR:root:Error al procesar el partido 5: 'GAME_TIME'
ERROR:root:Error al procesar el partido 0: 'GAME_TIME'
ERROR:root:Error al procesar el partido 1: 'GAME_TIME'
ERROR:root:Error al procesar el partido 2: 'GAME_TIME'
ERROR:root:Error al procesar el partido 3: 'GAME_TIME'
ERROR:root:Error al procesar el partido 4: 'GAME_TIME'
ERROR:root:Error al procesar el partido 0: 'GAME_TIME'
ERROR:root:Error al procesar el partido 1: 'GAME_TIME'
ERROR:root:Error al procesar el partido 2: 'GAME_TIME'
ERROR:root:Error al procesar el partido 3: 'GAME_TIME'
ERROR:root:Error al procesar el partido 4: 'GAME_TIME'
ERROR:root:Error al procesar el partido 5: 'GAME_TIME'
ERROR:root:Error al procesar el partido 6: 'GAME_TIME'
ERROR:root:Error al procesar el partido 0: 'GAME_TIME'
ERROR:root:Error al procesar el partido 1: 'GAME_TIME'
ERROR:root:Error al procesar el partido 2: 'GAME_TIME'
ERROR:root:Error al procesar el partido 3: 'GAME_TIME'
ERROR:root:Error al procesar el partido 4: 'GAME_TIME'
ERROR:root:Error al procesar el partido 0: 'GAME_TIME'
ERROR:root:Error al procesar el partido 1: 'GAME_TIME'
ERROR:root:Error al procesar el partido 2: 'GAME_TIME'
ERROR:root:Error al procesar el partido 3: 'GAME_TIME'
ERROR:root:Error al procesar el partido 4: 'GAME_TIME'
ERROR:root:Error al procesar el partido 5: 'GAME_TIME'
ERROR:root:Error al procesar el partido 6: 'GAME_TIME'
ERROR:root:Error al procesar el partido 0: 'GAME_TIME'
ERROR:root:Error al procesar el partido 1: 'GAME_TIME'
ERROR:root:Error al procesar el partido 2: 'GAME_TIME'
ERROR:root:Error al procesar el partido 3: 'GAME_TIME'
ERROR:root:Error al procesar el partido 4: 'GAME_TIME'
ERROR:root:Error al procesar el partido 5: 'GAME_TIME'
ERROR:root:Error al procesar el partido 6: 'GAME_TIME'
ERROR:root:Timeout al obtener partidos para la fecha 2024-10-19 (intento 1): HTTPSConnectionPool(host='stats.nba.com', port=443): Read timed out. (read timeout=10)
ERROR:root:Timeout al obtener partidos para la fecha 2024-10-22 (intento 1): HTTPSConnectionPool(host='stats.nba.com', port=443): Read timed out. (read timeout=10)
ERROR:root:Timeout al obtener partidos para la fecha 2024-10-22 (intento 2): HTTPSConnectionPool(host='stats.nba.com', port=443): Read timed out. (read timeout=10)
ERROR:root:Error al procesar el partido 0: 'GAME_TIME'
ERROR:root:Error al procesar el partido 1: 'GAME_TIME'
ERROR:root:Error al procesar el partido 0: 'GAME_TIME'
ERROR:root:Error al procesar el partido 1: 'GAME_TIME'
ERROR:root:Error al procesar el partido 2: 'GAME_TIME'
ERROR:root:Error al procesar el partido 3: 'GAME_TIME'
ERROR:root:Error al procesar el partido 4: 'GAME_TIME'
ERROR:root:Error al procesar el partido 5: 'GAME_TIME'
ERROR:root:Error al procesar el partido 6: 'GAME_TIME'
ERROR:root:Error al procesar el partido 7: 'GAME_TIME'
ERROR:root:Error al procesar el partido 8: 'GAME_TIME'
ERROR:root:Error al procesar el partido 9: 'GAME_TIME'
ERROR:root:Error al procesar el partido 0: 'GAME_TIME'
ERROR:root:Error al procesar el partido 1: 'GAME_TIME'
ERROR:root:Error al procesar el partido 2: 'GAME_TIME'
ERROR:root:Error al procesar el partido 3: 'GAME_TIME'
ERROR:root:Error al procesar el partido 0: 'GAME_TIME'
ERROR:root:Error al procesar el partido 1: 'GAME_TIME'
ERROR:root:Error al procesar el partido 2: 'GAME_TIME'
ERROR:root:Error al procesar el partido 3: 'GAME_TIME'
ERROR:root:Error al procesar el partido 4: 'GAME_TIME'
ERROR:root:Error al procesar el partido 5: 'GAME_TIME'
ERROR:root:Error al procesar el partido 6: 'GAME_TIME'
ERROR:root:Error al procesar el partido 7: 'GAME_TIME'
ERROR:root:Error al procesar el partido 8: 'GAME_TIME'
ERROR:root:Error al procesar el partido 9: 'GAME_TIME'
ERROR:root:Timeout al obtener partidos para la fecha 2024-10-26 (intento 1): HTTPSConnectionPool(host='stats.nba.com', port=443): Read timed out. (read timeout=10)
ERROR:root:Timeout al obtener partidos para la fecha 2024-10-26 (intento 2): HTTPSConnectionPool(host='stats.nba.com', port=443): Read timed out. (read timeout=10)
ERROR:root:Error al procesar el partido 0: 'GAME_TIME'
ERROR:root:Error al procesar el partido 1: 'GAME_TIME'
ERROR:root:Error al procesar el partido 2: 'GAME_TIME'
ERROR:root:Error al procesar el partido 3: 'GAME_TIME'
ERROR:root:Error al procesar el partido 4: 'GAME_TIME'
ERROR:root:Error al procesar el partido 5: 'GAME_TIME'
ERROR:root:Error al procesar el partido 6: 'GAME_TIME'
ERROR:root:Error al procesar el partido 7: 'GAME_TIME'
ERROR:root:Error al procesar el partido 8: 'GAME_TIME'
ERROR:root:Error al procesar el partido 9: 'GAME_TIME'
ERROR:root:Timeout al obtener partidos para la fecha 2024-10-27 (intento 1): HTTPSConnectionPool(host='stats.nba.com', port=443): Read timed out. (read timeout=10)
ERROR:root:Error al procesar el partido 0: 'GAME_TIME'
ERROR:root:Error al procesar el partido 1: 'GAME_TIME'
ERROR:root:Error al procesar el partido 2: 'GAME_TIME'
ERROR:root:Error al procesar el partido 3: 'GAME_TIME'
ERROR:root:Error al procesar el partido 4: 'GAME_TIME'
ERROR:root:Error al procesar el partido 0: 'GAME_TIME'
ERROR:root:Error al procesar el partido 1: 'GAME_TIME'
ERROR:root:Error al procesar el partido 2: 'GAME_TIME'
ERROR:root:Error al procesar el partido 3: 'GAME_TIME'
ERROR:root:Error al procesar el partido 4: 'GAME_TIME'
ERROR:root:Error al procesar el partido 5: 'GAME_TIME'
ERROR:root:Error al procesar el partido 6: 'GAME_TIME'
ERROR:root:Error al procesar el partido 7: 'GAME_TIME'
ERROR:root:Error al procesar el partido 8: 'GAME_TIME'
ERROR:root:Error al procesar el partido 9: 'GAME_TIME'
ERROR:root:Error al procesar el partido 10: 'GAME_TIME'
ERROR:root:Error al procesar el partido 0: 'GAME_TIME'
ERROR:root:Error al procesar el partido 1: 'GAME_TIME'
ERROR:root:Error al procesar el partido 2: 'GAME_TIME'
ERROR:root:Error al procesar el partido 3: 'GAME_TIME'
ERROR:root:Error al procesar el partido 0: 'GAME_TIME'
ERROR:root:Error al procesar el partido 1: 'GAME_TIME'
ERROR:root:Error al procesar el partido 2: 'GAME_TIME'
ERROR:root:Error al procesar el partido 3: 'GAME_TIME'
ERROR:root:Error al procesar el partido 4: 'GAME_TIME'
ERROR:root:Error al procesar el partido 5: 'GAME_TIME'
ERROR:root:Error al procesar el partido 6: 'GAME_TIME'
ERROR:root:Error al procesar el partido 7: 'GAME_TIME'
ERROR:root:Error al procesar el partido 8: 'GAME_TIME'
ERROR:root:Error al procesar el partido 9: 'GAME_TIME'
ERROR:root:Error al procesar el partido 10: 'GAME_TIME'
ERROR:root:Error al procesar el partido 0: 'GAME_TIME'
ERROR:root:Error al procesar el partido 1: 'GAME_TIME'
ERROR:root:Error al procesar el partido 2: 'GAME_TIME'
ERROR:root:Error al procesar el partido 3: 'GAME_TIME'
ERROR:root:Error al procesar el partido 0: 'GAME_TIME'
ERROR:root:Error al procesar el partido 1: 'GAME_TIME'
ERROR:root:Error al procesar el partido 2: 'GAME_TIME'
ERROR:root:Error al procesar el partido 3: 'GAME_TIME'
ERROR:root:Error al procesar el partido 4: 'GAME_TIME'
ERROR:root:Error al procesar el partido 5: 'GAME_TIME'
ERROR:root:Error al procesar el partido 6: 'GAME_TIME'
ERROR:root:Error al procesar el partido 7: 'GAME_TIME'
ERROR:root:Error al procesar el partido 8: 'GAME_TIME'
ERROR:root:Error al procesar el partido 0: 'GAME_TIME'
ERROR:root:Error al procesar el partido 1: 'GAME_TIME'
ERROR:root:Error al procesar el partido 2: 'GAME_TIME'
ERROR:root:Error al procesar el partido 3: 'GAME_TIME'
ERROR:root:Error al procesar el partido 4: 'GAME_TIME'
ERROR:root:Error al procesar el partido 5: 'GAME_TIME'
ERROR:root:Error al procesar el partido 6: 'GAME_TIME'
ERROR:root:Error al procesar el partido 7: 'GAME_TIME'
ERROR:root:Error al procesar el partido 8: 'GAME_TIME'
ERROR:root:Error al procesar el partido 9: 'GAME_TIME'
ERROR:root:Error al procesar el partido 0: 'GAME_TIME'
ERROR:root:Error al procesar el partido 1: 'GAME_TIME'
ERROR:root:Error al procesar el partido 2: 'GAME_TIME'
ERROR:root:Error al procesar el partido 0: 'GAME_TIME'
ERROR:root:Error al procesar el partido 1: 'GAME_TIME'
ERROR:root:Error al procesar el partido 2: 'GAME_TIME'
ERROR:root:Error al procesar el partido 3: 'GAME_TIME'
ERROR:root:Error al procesar el partido 4: 'GAME_TIME'
ERROR:root:Error al procesar el partido 5: 'GAME_TIME'
ERROR:root:Error al procesar el partido 6: 'GAME_TIME'
ERROR:root:Error al procesar el partido 7: 'GAME_TIME'
ERROR:root:Error al procesar el partido 8: 'GAME_TIME'
ERROR:root:Error al procesar el partido 9: 'GAME_TIME'
ERROR:root:Error al procesar el partido 10: 'GAME_TIME'
ERROR:root:Error al procesar el partido 11: 'GAME_TIME'
ERROR:root:Error al procesar el partido 12: 'GAME_TIME'
ERROR:root:Error al procesar el partido 13: 'GAME_TIME'
ERROR:root:Error al procesar el partido 14: 'GAME_TIME'
ERROR:root:Error al procesar el partido 0: 'GAME_TIME'
ERROR:root:Error al procesar el partido 1: 'GAME_TIME'
ERROR:root:Error al procesar el partido 2: 'GAME_TIME'
ERROR:root:Error al procesar el partido 3: 'GAME_TIME'
ERROR:root:Error al procesar el partido 4: 'GAME_TIME'
ERROR:root:Error al procesar el partido 5: 'GAME_TIME'
ERROR:root:Error al procesar el partido 6: 'GAME_TIME'
ERROR:root:Error al procesar el partido 7: 'GAME_TIME'
ERROR:root:Error al procesar el partido 8: 'GAME_TIME'
ERROR:root:Error al procesar el partido 9: 'GAME_TIME'
ERROR:root:Error al procesar el partido 10: 'GAME_TIME'
ERROR:root:Error al procesar el partido 11: 'GAME_TIME'
ERROR:root:Error al procesar el partido 0: 'GAME_TIME'
ERROR:root:Error al procesar el partido 1: 'GAME_TIME'
ERROR:root:Error al procesar el partido 2: 'GAME_TIME'
ERROR:root:Error al procesar el partido 0: 'GAME_TIME'
ERROR:root:Error al procesar el partido 1: 'GAME_TIME'
ERROR:root:Error al procesar el partido 2: 'GAME_TIME'
ERROR:root:Error al procesar el partido 3: 'GAME_TIME'
ERROR:root:Error al procesar el partido 4: 'GAME_TIME'
ERROR:root:Error al procesar el partido 5: 'GAME_TIME'
ERROR:root:Error al procesar el partido 6: 'GAME_TIME'
ERROR:root:Error al procesar el partido 7: 'GAME_TIME'
ERROR:root:Error al procesar el partido 8: 'GAME_TIME'
ERROR:root:Error al procesar el partido 9: 'GAME_TIME'
ERROR:root:Error al procesar el partido 10: 'GAME_TIME'
ERROR:root:Error al procesar el partido 11: 'GAME_TIME'
ERROR:root:Error al procesar el partido 12: 'GAME_TIME'
ERROR:root:Timeout al obtener partidos para la fecha 2024-10-10 (intento 1): HTTPSConnectionPool(host='stats.nba.com', port=443): Read timed out. (read timeout=10)
ERROR:root:Timeout al obtener partidos para la fecha 2024-10-10 (intento 2): HTTPSConnectionPool(host='stats.nba.com', port=443): Read timed out. (read timeout=10)
ERROR:root:Timeout al obtener partidos para la fecha 2024-10-10 (intento 3): HTTPSConnectionPool(host='stats.nba.com', port=443): Read timed out. (read timeout=10)
ERROR:root:Timeout al obtener partidos para la fecha 2024-10-12 (intento 1): HTTPSConnectionPool(host='stats.nba.com', port=443): Read timed out. (read timeout=10)
ERROR:root:Timeout al obtener partidos para la fecha 2024-10-13 (intento 1): HTTPSConnectionPool(host='stats.nba.com', port=443): Read timed out. (read timeout=10)
ERROR:root:Timeout al obtener partidos para la fecha 2024-10-15 (intento 1): HTTPSConnectionPool(host='stats.nba.com', port=443): Read timed out. (read timeout=10)
ERROR:root:Timeout al obtener partidos para la fecha 2024-10-15 (intento 2): HTTPSConnectionPool(host='stats.nba.com', port=443): Read timed out. (read timeout=10)
ERROR:root:Timeout al obtener partidos para la fecha 2024-11-22 (intento 1): HTTPSConnectionPool(host='stats.nba.com', port=443): Read timed out. (read timeout=10)
ERROR:root:Timeout al obtener partidos para la fecha 2024-11-23 (intento 1): HTTPSConnectionPool(host='stats.nba.com', port=443): Read timed out. (read timeout=10)
ERROR:root:Timeout al obtener partidos para la fecha 2024-10-10 (intento 1): HTTPSConnectionPool(host='stats.nba.com', port=443): Read timed out. (read timeout=10)
ERROR:root:Timeout al obtener partidos para la fecha 2024-10-10 (intento 1): HTTPSConnectionPool(host='stats.nba.com', port=443): Read timed out. (read timeout=10)
ERROR:root:Timeout al obtener partidos para la fecha 2024-10-11 (intento 1): HTTPSConnectionPool(host='stats.nba.com', port=443): Read timed out. (read timeout=10)
ERROR:root:Timeout al obtener partidos para la fecha 2024-10-11 (intento 2): HTTPSConnectionPool(host='stats.nba.com', port=443): Read timed out. (read timeout=10)
ERROR:root:Timeout al obtener partidos para la fecha 2024-10-12 (intento 1): HTTPSConnectionPool(host='stats.nba.com', port=443): Read timed out. (read timeout=10)
ERROR:root:Timeout al obtener partidos para la fecha 2024-10-13 (intento 1): HTTPSConnectionPool(host='stats.nba.com', port=443): Read timed out. (read timeout=10)
ERROR:root:Timeout al obtener partidos para la fecha 2024-10-13 (intento 2): HTTPSConnectionPool(host='stats.nba.com', port=443): Read timed out. (read timeout=10)
ERROR:root:Timeout al obtener partidos para la fecha 2024-10-13 (intento 3): HTTPSConnectionPool(host='stats.nba.com', port=443): Read timed out. (read timeout=10)
ERROR:root:Timeout al obtener partidos para la fecha 2024-10-14 (intento 1): HTTPSConnectionPool(host='stats.nba.com', port=443): Read timed out. (read timeout=10)
ERROR:root:Timeout al obtener partidos para la fecha 2024-10-26 (intento 1): HTTPSConnectionPool(host='stats.nba.com', port=443): Read timed out. (read timeout=10)
ERROR:root:Timeout al obtener partidos para la fecha 2024-10-27 (intento 1): HTTPSConnectionPool(host='stats.nba.com', port=443): Read timed out. (read timeout=10)
ERROR:root:Timeout al obtener partidos para la fecha 2024-10-30 (intento 1): HTTPSConnectionPool(host='stats.nba.com', port=443): Read timed out. (read timeout=10)
ERROR:root:Timeout al obtener partidos para la fecha 2024-11-02 (intento 1): HTTPSConnectionPool(host='stats.nba.com', port=443): Read timed out. (read timeout=10)
ERROR:root:Timeout al obtener partidos para la fecha 2024-11-02 (intento 2): HTTPSConnectionPool(host='stats.nba.com', port=443): Read timed out. (read timeout=10)
ERROR:root:Timeout al obtener partidos para la fecha 2024-11-05 (intento 1): HTTPSConnectionPool(host='stats.nba.com', port=443): Read timed out. (read timeout=10)
ERROR:root:Timeout al obtener partidos para la fecha 2024-11-07 (intento 1): HTTPSConnectionPool(host='stats.nba.com', port=443): Read timed out. (read timeout=10)
ERROR:root:Timeout al obtener partidos para la fecha 2024-11-09 (intento 1): HTTPSConnectionPool(host='stats.nba.com', port=443): Read timed out. (read timeout=10)
ERROR:root:Timeout al obtener partidos para la fecha 2024-11-09 (intento 2): HTTPSConnectionPool(host='stats.nba.com', port=443): Read timed out. (read timeout=10)
ERROR:root:Timeout al obtener partidos para la fecha 2024-11-18 (intento 1): HTTPSConnectionPool(host='stats.nba.com', port=443): Read timed out. (read timeout=10)
ERROR:root:Timeout al obtener partidos para la fecha 2024-11-19 (intento 1): HTTPSConnectionPool(host='stats.nba.com', port=443): Read timed out. (read timeout=10)
ERROR:root:Timeout al obtener partidos para la fecha 2024-11-21 (intento 1): HTTPSConnectionPool(host='stats.nba.com', port=443): Read timed out. (read timeout=10)
ERROR:root:Timeout al obtener partidos para la fecha 2024-11-22 (intento 1): HTTPSConnectionPool(host='stats.nba.com', port=443): Read timed out. (read timeout=10)
ERROR:root:Timeout al obtener partidos para la fecha 2024-11-25 (intento 1): HTTPSConnectionPool(host='stats.nba.com', port=443): Read timed out. (read timeout=10)
ERROR:root:Timeout al obtener partidos para la fecha 2024-11-26 (intento 1): HTTPSConnectionPool(host='stats.nba.com', port=443): Read timed out. (read timeout=10)
ERROR:root:Timeout al obtener partidos para la fecha 2024-11-27 (intento 1): HTTPSConnectionPool(host='stats.nba.com', port=443): Read timed out. (read timeout=10)
ERROR:root:Timeout al obtener partidos para la fecha 2024-11-29 (intento 1): HTTPSConnectionPool(host='stats.nba.com', port=443): Read timed out. (read timeout=10)
ERROR:root:Timeout al obtener partidos para la fecha 2024-11-29 (intento 2): HTTPSConnectionPool(host='stats.nba.com', port=443): Read timed out. (read timeout=10)
ERROR:root:Timeout al obtener partidos para la fecha 2024-12-03 (intento 1): HTTPSConnectionPool(host='stats.nba.com', port=443): Read timed out. (read timeout=10)
ERROR:root:Timeout al obtener partidos para la fecha 2024-12-03 (intento 2): HTTPSConnectionPool(host='stats.nba.com', port=443): Read timed out. (read timeout=10)
ERROR:root:Timeout al obtener partidos para la fecha 2024-12-05 (intento 1): HTTPSConnectionPool(host='stats.nba.com', port=443): Read timed out. (read timeout=10)
ERROR:root:Timeout al obtener partidos para la fecha 2024-12-05 (intento 2): HTTPSConnectionPool(host='stats.nba.com', port=443): Read timed out. (read timeout=10)
ERROR:root:Timeout al obtener partidos para la fecha 2025-01-01 (intento 1): HTTPSConnectionPool(host='stats.nba.com', port=443): Read timed out. (read timeout=10)
ERROR:root:Timeout al obtener partidos para la fecha 2025-01-14 (intento 1): HTTPSConnectionPool(host='stats.nba.com', port=443): Read timed out. (read timeout=10)
ERROR:root:Timeout al obtener partidos para la fecha 2025-01-16 (intento 1): HTTPSConnectionPool(host='stats.nba.com', port=443): Read timed out. (read timeout=10)
ERROR:root:Timeout al obtener partidos para la fecha 2025-01-16 (intento 2): HTTPSConnectionPool(host='stats.nba.com', port=443): Read timed out. (read timeout=10)
ERROR:root:Timeout al obtener partidos para la fecha 2025-01-20 (intento 1): HTTPSConnectionPool(host='stats.nba.com', port=443): Read timed out. (read timeout=10)
ERROR:root:Timeout al obtener partidos para la fecha 2025-01-31 (intento 1): HTTPSConnectionPool(host='stats.nba.com', port=443): Read timed out. (read timeout=10)
ERROR:root:Timeout al obtener partidos para la fecha 2025-02-01 (intento 1): HTTPSConnectionPool(host='stats.nba.com', port=443): Read timed out. (read timeout=10)
ERROR:root:Timeout al obtener partidos para la fecha 2025-01-03 (intento 1): HTTPSConnectionPool(host='stats.nba.com', port=443): Read timed out. (read timeout=10)
ERROR:root:Timeout al obtener partidos para la fecha 2025-01-08 (intento 1): HTTPSConnectionPool(host='stats.nba.com', port=443): Read timed out. (read timeout=10)
ERROR:root:Timeout al obtener partidos para la fecha 2025-01-12 (intento 1): HTTPSConnectionPool(host='stats.nba.com', port=443): Read timed out. (read timeout=10)
ERROR:root:Timeout al obtener partidos para la fecha 2025-02-04 (intento 1): HTTPSConnectionPool(host='stats.nba.com', port=443): Read timed out. (read timeout=10)
ERROR:root:Timeout al obtener partidos para la fecha 2025-02-08 (intento 1): HTTPSConnectionPool(host='stats.nba.com', port=443): Read timed out. (read timeout=10)
ERROR:root:Timeout al obtener partidos para la fecha 2024-12-15 (intento 1): HTTPSConnectionPool(host='stats.nba.com', port=443): Read timed out. (read timeout=10)
ERROR:root:Timeout al obtener partidos para la fecha 2024-12-25 (intento 1): HTTPSConnectionPool(host='stats.nba.com', port=443): Read timed out. (read timeout=10)
ERROR:root:Timeout al obtener partidos para la fecha 2024-12-30 (intento 1): HTTPSConnectionPool(host='stats.nba.com', port=443): Read timed out. (read timeout=10)
ERROR:root:Timeout al obtener partidos para la fecha 2025-01-01 (intento 1): HTTPSConnectionPool(host='stats.nba.com', port=443): Read timed out. (read timeout=10)
ERROR:root:Timeout al obtener partidos para la fecha 2025-01-06 (intento 1): HTTPSConnectionPool(host='stats.nba.com', port=443): Read timed out. (read timeout=10)
ERROR:root:Timeout al obtener partidos para la fecha 2025-01-06 (intento 2): HTTPSConnectionPool(host='stats.nba.com', port=443): Read timed out. (read timeout=10)
ERROR:root:Timeout al obtener partidos para la fecha 2025-01-28 (intento 1): HTTPSConnectionPool(host='stats.nba.com', port=443): Read timed out. (read timeout=10)
ERROR:root:Timeout al obtener partidos para la fecha 2025-02-02 (intento 1): HTTPSConnectionPool(host='stats.nba.com', port=443): Read timed out. (read timeout=10)
ERROR:root:Timeout al obtener partidos para la fecha 2025-02-02 (intento 2): HTTPSConnectionPool(host='stats.nba.com', port=443): Read timed out. (read timeout=10)
ERROR:root:Timeout al obtener partidos para la fecha 2025-02-02 (intento 3): HTTPSConnectionPool(host='stats.nba.com', port=443): Read timed out. (read timeout=10)
ERROR:root:Timeout al obtener partidos para la fecha 2025-02-03 (intento 1): HTTPSConnectionPool(host='stats.nba.com', port=443): Read timed out. (read timeout=10)
ERROR:root:Timeout al obtener partidos para la fecha 2025-02-03 (intento 2): HTTPSConnectionPool(host='stats.nba.com', port=443): Read timed out. (read timeout=10)
ERROR:root:Error al procesar el equipo Hawks: name 'requests' is not defined
ERROR:root:Error al procesar el equipo Hawks: name 'requests' is not defined
ERROR:root:Error al procesar el equipo Hawks: name 'requests' is not defined
ERROR:root:Error al procesar el equipo Hawks: name 'requests' is not defined
